4TeethProfissional/app/build/intermediates/manifest_merge_blame_file/debug/manifest-merger-blame-debug-report.txt
1<?xml version="1.0" encoding="utf-8"?>
2<manifest xmlns:android="http://schemas.android.com/apk/res/android"
3    package="br.com.ForTeethDentalCare"
4    android:versionCode="1"
5    android:versionName="1.0" >
6
7    <uses-sdk
8        android:minSdkVersion="26"
8-->src\main\AndroidManifest.xml
9        android:targetSdkVersion="33" />
9-->src\main\AndroidManifest.xml
10
11    <uses-permission android:name="android.permission.INTERNET" />
11-->src\main\AndroidManifest.xml:4:5-67
11-->src\main\AndroidManifest.xml:4:22-64
12    <uses-permission android:name="android.permission.ACCESS_NETWORK_STATE" />
12-->src\main\AndroidManifest.xml:5:5-79
12-->src\main\AndroidManifest.xml:5:22-76
13
14    <uses-feature
14-->[com.google.android.gms:play-services-maps:18.1.0] AndroidManifest.xml:26:5-28:35
15        android:glEsVersion="0x00020000"
15-->[com.google.android.gms:play-services-maps:18.1.0] AndroidManifest.xml:27:9-41
16        android:required="true" />
16-->[com.google.android.gms:play-services-maps:18.1.0] AndroidManifest.xml:28:9-32
17
18    <queries>
18-->[com.google.android.gms:play-services-maps:18.1.0] AndroidManifest.xml:30:5-34:15
19
20        <!-- Needs to be explicitly declared on Android R+ -->
21        <package android:name="com.google.android.apps.maps" />
21-->[com.google.android.gms:play-services-maps:18.1.0] AndroidManifest.xml:33:9-64
21-->[com.google.android.gms:play-services-maps:18.1.0] AndroidManifest.xml:33:18-61
22    </queries>
23
24    <uses-permission android:name="android.permission.WAKE_LOCK" /> <!-- Required by older versions of Google Play services to create IID tokens -->
24-->[com.google.firebase:firebase-iid:21.1.0] AndroidManifest.xml:24:5-68
24-->[com.google.firebase:firebase-iid:21.1.0] AndroidManifest.xml:24:22-65
25    <uses-permission android:name="com.google.android.c2dm.permission.RECEIVE" />
25-->[com.google.firebase:firebase-iid:21.1.0] AndroidManifest.xml:26:5-82
25-->[com.google.firebase:firebase-iid:21.1.0] AndroidManifest.xml:26:22-79
26
27    <permission
27-->[androidx.core:core:1.10.0] AndroidManifest.xml:22:5-24:47
28        android:name="br.com.ForTeethDentalCare.DYNAMIC_RECEIVER_NOT_EXPORTED_PERMISSION"
28-->[androidx.core:core:1.10.0] AndroidManifest.xml:23:9-81
29        android:protectionLevel="signature" />
29-->[androidx.core:core:1.10.0] AndroidManifest.xml:24:9-44
30
31    <uses-permission android:name="br.com.ForTeethDentalCare.DYNAMIC_RECEIVER_NOT_EXPORTED_PERMISSION" />
31-->[androidx.core:core:1.10.0] AndroidManifest.xml:26:5-97
31-->[androidx.core:core:1.10.0] AndroidManifest.xml:26:22-94
32
33    <application
33-->src\main\AndroidManifest.xml:6:5-35:19
34        android:allowBackup="true"
34-->src\main\AndroidManifest.xml:7:9-35
35        android:appComponentFactory="androidx.core.app.CoreComponentFactory"
35-->[androidx.core:core:1.10.0] AndroidManifest.xml:28:18-86
36        android:dataExtractionRules="@xml/data_extraction_rules"
36-->src\main\AndroidManifest.xml:8:9-65
37        android:debuggable="true"
38        android:extractNativeLibs="false"
39        android:fullBackupContent="@xml/backup_rules"
39-->src\main\AndroidManifest.xml:9:9-54
40        android:icon="@mipmap/ic_launcher"
40-->src\main\AndroidManifest.xml:10:9-43
41        android:label="@string/app_name"
41-->src\main\AndroidManifest.xml:11:9-41
42        android:supportsRtl="true"
42-->src\main\AndroidManifest.xml:12:9-35
43        android:testOnly="true"
44        android:theme="@style/Theme.4TeethProfissional" >
44-->src\main\AndroidManifest.xml:13:9-56
45        <meta-data
45-->src\main\AndroidManifest.xml:15:9-17:70
46            android:name="com.google.android.geo.API_KEY"
46-->src\main\AndroidManifest.xml:16:13-58
47            android:value="AIzaSyDWCXlzQE0qluoXSiMhalAZku01gRXMg08" />
47-->src\main\AndroidManifest.xml:17:13-68
48
49        <activity
49-->src\main\AndroidManifest.xml:18:9-20:40
50            android:name="br.com.ForTeethDentalCare.LogIn"
50-->src\main\AndroidManifest.xml:19:13-34
51            android:exported="false" />
51-->src\main\AndroidManifest.xml:20:13-37
52        <activity
52-->src\main\AndroidManifest.xml:21:9-23:40
53            android:name="br.com.ForTeethDentalCare.CadastroUm"
53-->src\main\AndroidManifest.xml:22:13-39
54            android:exported="false" />
54-->src\main\AndroidManifest.xml:23:13-37
55        <activity
55-->src\main\AndroidManifest.xml:24:9-26:40
56            android:name="br.com.ForTeethDentalCare.CadastroEndereco"
56-->src\main\AndroidManifest.xml:25:13-45
57            android:exported="false" />
57-->src\main\AndroidManifest.xml:26:13-37
58        <activity
58-->src\main\AndroidManifest.xml:27:9-34:20
59            android:name="br.com.ForTeethDentalCare.MainActivity"
59-->src\main\AndroidManifest.xml:28:13-41
60            android:exported="true" >
60-->src\main\AndroidManifest.xml:29:13-36
61            <intent-filter>
61-->src\main\AndroidManifest.xml:30:13-33:29
62                <action android:name="android.intent.action.MAIN" />
62-->src\main\AndroidManifest.xml:31:17-69
62-->src\main\AndroidManifest.xml:31:25-66
63
64                <category android:name="android.intent.category.LAUNCHER" />
64-->src\main\AndroidManifest.xml:32:17-77
64-->src\main\AndroidManifest.xml:32:27-74
65            </intent-filter>
66        </activity>
67
68        <service
68-->[com.google.firebase:firebase-functions-ktx:20.2.2] AndroidManifest.xml:11:9-17:19
69            android:name="com.google.firebase.components.ComponentDiscoveryService"
69-->[com.google.firebase:firebase-functions-ktx:20.2.2] AndroidManifest.xml:12:13-84
70            android:directBootAware="true"
70-->[com.google.firebase:firebase-common:20.3.0] AndroidManifest.xml:34:13-43
71            android:exported="false" >
71-->[com.google.firebase:firebase-functions-ktx:20.2.2] AndroidManifest.xml:13:13-37
72            <meta-data
72-->[com.google.firebase:firebase-functions-ktx:20.2.2] AndroidManifest.xml:14:13-16:85
73                android:name="com.google.firebase.components:com.google.firebase.functions.ktx.FirebaseFunctionsKtxRegistrar"
73-->[com.google.firebase:firebase-functions-ktx:20.2.2] AndroidManifest.xml:15:17-126
74                android:value="com.google.firebase.components.ComponentRegistrar" />
74-->[com.google.firebase:firebase-functions-ktx:20.2.2] AndroidManifest.xml:16:17-82
75            <meta-data
75-->[com.google.firebase:firebase-common-ktx:20.3.0] AndroidManifest.xml:14:13-16:85
76                android:name="com.google.firebase.components:com.google.firebase.ktx.FirebaseCommonKtxRegistrar"
76-->[com.google.firebase:firebase-common-ktx:20.3.0] AndroidManifest.xml:15:17-113
77                android:value="com.google.firebase.components.ComponentRegistrar" />
77-->[com.google.firebase:firebase-common-ktx:20.3.0] AndroidManifest.xml:16:17-82
78            <meta-data
78-->[com.google.firebase:firebase-functions:20.2.2] AndroidManifest.xml:17:13-19:85
79                android:name="com.google.firebase.components:com.google.firebase.functions.FunctionsRegistrar"
79-->[com.google.firebase:firebase-functions:20.2.2] AndroidManifest.xml:18:17-111
80                android:value="com.google.firebase.components.ComponentRegistrar" />
80-->[com.google.firebase:firebase-functions:20.2.2] AndroidManifest.xml:19:17-82
81            <meta-data
81-->[com.google.firebase:firebase-iid:21.1.0] AndroidManifest.xml:32:13-34:85
82                android:name="com.google.firebase.components:com.google.firebase.iid.Registrar"
82-->[com.google.firebase:firebase-iid:21.1.0] AndroidManifest.xml:33:17-96
83                android:value="com.google.firebase.components.ComponentRegistrar" />
83-->[com.google.firebase:firebase-iid:21.1.0] AndroidManifest.xml:34:17-82
84            <meta-data
84-->[com.google.firebase:firebase-installations:16.3.5] AndroidManifest.xml:18:13-20:85
85                android:name="com.google.firebase.components:com.google.firebase.installations.FirebaseInstallationsRegistrar"
85-->[com.google.firebase:firebase-installations:16.3.5] AndroidManifest.xml:19:17-127
86                android:value="com.google.firebase.components.ComponentRegistrar" />
86-->[com.google.firebase:firebase-installations:16.3.5] AndroidManifest.xml:20:17-82
87        </service> <!-- Needs to be explicitly declared on P+ -->
88        <uses-library
88-->[com.google.android.gms:play-services-maps:18.1.0] AndroidManifest.xml:39:9-41:40
89            android:name="org.apache.http.legacy"
89-->[com.google.android.gms:play-services-maps:18.1.0] AndroidManifest.xml:40:13-50
90            android:required="false" />
90-->[com.google.android.gms:play-services-maps:18.1.0] AndroidManifest.xml:41:13-37
91
92        <activity
92-->[com.google.android.gms:play-services-base:18.1.0] AndroidManifest.xml:20:9-22:45
93            android:name="com.google.android.gms.common.api.GoogleApiActivity"
93-->[com.google.android.gms:play-services-base:18.1.0] AndroidManifest.xml:20:19-85
94            android:exported="false"
94-->[com.google.android.gms:play-services-base:18.1.0] AndroidManifest.xml:22:19-43
95            android:theme="@android:style/Theme.Translucent.NoTitleBar" />
95-->[com.google.android.gms:play-services-base:18.1.0] AndroidManifest.xml:21:19-78
96
97        <provider
97-->[com.google.firebase:firebase-common:20.3.0] AndroidManifest.xml:25:9-30:39
98            android:name="com.google.firebase.provider.FirebaseInitProvider"
98-->[com.google.firebase:firebase-common:20.3.0] AndroidManifest.xml:26:13-77
99            android:authorities="br.com.ForTeethDentalCare.firebaseinitprovider"
99-->[com.google.firebase:firebase-common:20.3.0] AndroidManifest.xml:27:13-72
100            android:directBootAware="true"
100-->[com.google.firebase:firebase-common:20.3.0] AndroidManifest.xml:28:13-43
101            android:exported="false"
101-->[com.google.firebase:firebase-common:20.3.0] AndroidManifest.xml:29:13-37
102            android:initOrder="100" />
102-->[com.google.firebase:firebase-common:20.3.0] AndroidManifest.xml:30:13-36
103
104        <meta-data
104-->[com.google.android.gms:play-services-basement:18.1.0] AndroidManifest.xml:21:9-23:69
105            android:name="com.google.android.gms.version"
105-->[com.google.android.gms:play-services-basement:18.1.0] AndroidManifest.xml:22:13-58
106            android:value="@integer/google_play_services_version" />
106-->[com.google.android.gms:play-services-basement:18.1.0] AndroidManifest.xml:23:13-66
107
108        <provider
108-->[androidx.emoji2:emoji2:1.2.0] AndroidManifest.xml:24:9-32:20
109            android:name="androidx.startup.InitializationProvider"
109-->[androidx.emoji2:emoji2:1.2.0] AndroidManifest.xml:25:13-67
110            android:authorities="br.com.ForTeethDentalCare.androidx-startup"
110-->[androidx.emoji2:emoji2:1.2.0] AndroidManifest.xml:26:13-68
111            android:exported="false" >
111-->[androidx.emoji2:emoji2:1.2.0] AndroidManifest.xml:27:13-37
112            <meta-data
112-->[androidx.emoji2:emoji2:1.2.0] AndroidManifest.xml:29:13-31:52
113                android:name="androidx.emoji2.text.EmojiCompatInitializer"
113-->[androidx.emoji2:emoji2:1.2.0] AndroidManifest.xml:30:17-75
114                android:value="androidx.startup" />
114-->[androidx.emoji2:emoji2:1.2.0] AndroidManifest.xml:31:17-49
115            <meta-data
115-->[androidx.lifecycle:lifecycle-process:2.4.1] AndroidManifest.xml:31:13-33:52
116                android:name="androidx.lifecycle.ProcessLifecycleInitializer"
116-->[androidx.lifecycle:lifecycle-process:2.4.1] AndroidManifest.xml:32:17-78
117                android:value="androidx.startup" />
117-->[androidx.lifecycle:lifecycle-process:2.4.1] AndroidManifest.xml:33:17-49
118        </provider>
119    </application>
120
121</manifest>